#
# There is insufficient memory for the Java Runtime Environment to continue.
# Native memory allocation (mmap) failed to map 257949696 bytes for G1 virtual space
# Possible reasons:
#   The system is out of physical RAM or swap space
#   The process is running with CompressedOops enabled, and the Java Heap may be blocking the growth of the native heap
# Possible solutions:
#   Reduce memory load on the system
#   Increase physical memory or swap space
#   Check if swap backing store is full
#   Decrease Java heap size (-Xmx/-Xms)
#   Decrease number of Java threads
#   Decrease Java thread stack sizes (-Xss)
#   Set larger code cache with -XX:ReservedCodeCacheSize=
#   JVM is running with Zero Based Compressed Oops mode in which the Java heap is
#     placed in the first 32GB address space. The Java Heap base address is the
#     maximum limit for the native heap growth. Please use -XX:HeapBaseMinAddress
#     to set the Java Heap base and to place the Java Heap above 32GB virtual address.
# This output file may be truncated or incomplete.
#
#  Out of Memory Error (os_windows.cpp:3825), pid=4136, tid=15660
#
# JRE version:  (17.0.10+1) (build )
# Java VM: OpenJDK 64-Bit Server VM (17.0.10+1-b1087.17, mixed mode, sharing, tiered, compressed oops, compressed class ptrs, g1 gc, windows-amd64)
# No core dump will be written. Minidumps are not enabled by default on client versions of Windows
#

---------------  S U M M A R Y ------------

Command Line: -Dfile.encoding=GBK D:\DevEco Studio5.0.0\DevEco Studio\sdk\HarmonyOS-NEXT-DB2\openharmony\toolchains\lib\app_packing_tool.jar --mode hap --force true --lib-path D:\AnswerSystem\AnswerSystem\entry\build\default\intermediates\stripped_native_libs\default --json-path D:\AnswerSystem\AnswerSystem\entry\build\default\intermediates\package\default\module.json --resources-path D:\AnswerSystem\AnswerSystem\entry\build\default\intermediates\res\default\resources --index-path D:\AnswerSystem\AnswerSystem\entry\build\default\intermediates\res\default\resources.index --pack-info-path D:\AnswerSystem\AnswerSystem\entry\build\default\outputs\default\pack.info --out-path D:\AnswerSystem\AnswerSystem\entry\build\default\outputs\default\entry-default-unsigned.hap --ets-path D:\AnswerSystem\AnswerSystem\entry\build\default\intermediates\loader_out\default\ets

Host: AMD Ryzen 5 5600H with Radeon Graphics         , 12 cores, 15G,  Windows 11 , 64 bit Build 22621 (10.0.22621.3958)
Time: Mon Oct  7 20:36:50 2024  Windows 11 , 64 bit Build 22621 (10.0.22621.3958) elapsed time: 0.015513 seconds (0d 0h 0m 0s)

---------------  T H R E A D  ---------------

Current thread (0x000001e6a112e8c0):  JavaThread "Unknown thread" [_thread_in_vm, id=15660, stack(0x00000032de100000,0x00000032de200000)]

Stack: [0x00000032de100000,0x00000032de200000]
Native frames: (J=compiled Java code, j=interpreted, Vv=VM code, C=native code)
V  [jvm.dll+0x688ac9]
V  [jvm.dll+0x84220a]
V  [jvm.dll+0x843e4e]
V  [jvm.dll+0x8444b3]
V  [jvm.dll+0x24ba8f]
V  [jvm.dll+0x685899]
V  [jvm.dll+0x67a14a]
V  [jvm.dll+0x30c7eb]
V  [jvm.dll+0x313c96]
V  [jvm.dll+0x363a2e]
V  [jvm.dll+0x363c5f]
V  [jvm.dll+0x2e25b8]
V  [jvm.dll+0x2e3524]
V  [jvm.dll+0x812d71]
V  [jvm.dll+0x3718e1]
V  [jvm.dll+0x7f18d6]
V  [jvm.dll+0x3f553f]
V  [jvm.dll+0x3f7171]
C  [jli.dll+0x528f]
C  [ucrtbase.dll+0x29333]
C  [KERNEL32.DLL+0x1257d]
C  [ntdll.dll+0x5af28]


---------------  P R O C E S S  ---------------

Threads class SMR info:
_java_thread_list=0x00007ff8c614ef58, length=0, elements={
}

Java Threads: ( => current thread )

Other Threads:
  0x000001e6a11976e0 GCTaskThread "GC Thread#0" [stack: 0x00000032de200000,0x00000032de300000] [id=33728]
  0x000001e6a11a7a90 ConcurrentGCThread "G1 Main Marker" [stack: 0x00000032de300000,0x00000032de400000] [id=25216]
  0x000001e6a11a8af0 ConcurrentGCThread "G1 Conc#0" [stack: 0x00000032de400000,0x00000032de500000] [id=34656]

[error occurred during error reporting (printing all threads), id 0xc0000005, EXCEPTION_ACCESS_VIOLATION (0xc0000005) at pc=0x00007ff8c5903187]

VM state: not at safepoint (not fully initialized)

VM Mutex/Monitor currently owned by a thread:  ([mutex/lock_event])
[0x000001e6a11299d0] Heap_lock - owner thread: 0x000001e6a112e8c0

Heap address: 0x000000070a400000, size: 3932 MB, Compressed Oops mode: Zero based, Oop shift amount: 3

CDS archive(s) mapped at: [0x0000000000000000-0x0000000000000000-0x0000000000000000), size 0, SharedBaseAddress: 0x0000000800000000, ArchiveRelocationMode: 1.
Narrow klass base: 0x0000000000000000, Narrow klass shift: 0, Narrow klass range: 0x0

GC Precious Log:
<Empty>

Heap:
 garbage-first heap   total 0K, used 0K [0x000000070a400000, 0x0000000800000000)
  region size 2048K, 0 young (0K), 0 survivors (0K)
 Metaspace       used 0K, committed 0K, reserved 0K
  class space    used 0K, committed 0K, reserved 0K

Heap Regions: E=young(eden), S=young(survivor), O=old, HS=humongous(starts), HC=humongous(continues), CS=collection set, F=free, OA=open archive, CA=closed archive, TAMS=top-at-mark-start (previous, next)

Card table byte_map: [0x000001e6b45a0000,0x000001e6b4d50000] _byte_map_base: 0x000001e6b0d4e000

Marking Bits (Prev, Next): (CMBitMap*) 0x000001e6a1197ba0, (CMBitMap*) 0x000001e6a1197be0
 Prev Bits: [0x000001e6b5500000, 0x000001e6b9270000)
 Next Bits: [0x000001e6b9270000, 0x000001e6bcfe0000)

GC Heap History (0 events):
No events

Dll operation events (1 events):
Event: 0.011 Loaded shared library D:\DevEco Studio5.0.0\DevEco Studio\jbr\bin\java.dll

Deoptimization events (0 events):
No events

Classes unloaded (0 events):
No events

Classes redefined (0 events):
No events

Internal exceptions (0 events):
No events

VM Operations (0 events):
No events

Events (0 events):
No events


Dynamic libraries:
0x00007ff64f600000 - 0x00007ff64f60a000 	D:\DevEco Studio5.0.0\DevEco Studio\jbr\bin\java.exe
0x00007ff93e570000 - 0x00007ff93e787000 	C:\WINDOWS\SYSTEM32\ntdll.dll
0x00007ff93c380000 - 0x00007ff93c444000 	C:\WINDOWS\System32\KERNEL32.DLL
0x00007ff93bad0000 - 0x00007ff93be7d000 	C:\WINDOWS\System32\KERNELBASE.dll
0x00007ff93beb0000 - 0x00007ff93bfc1000 	C:\WINDOWS\System32\ucrtbase.dll
0x00007ff9362c0000 - 0x00007ff9362db000 	D:\DevEco Studio5.0.0\DevEco Studio\jbr\bin\VCRUNTIME140.dll
0x00007ff936470000 - 0x00007ff936487000 	D:\DevEco Studio5.0.0\DevEco Studio\jbr\bin\jli.dll
0x00007ff93d200000 - 0x00007ff93d3ae000 	C:\WINDOWS\System32\USER32.dll
0x00007ff920d50000 - 0x00007ff920fe3000 	C:\WINDOWS\WinSxS\amd64_microsoft.windows.common-controls_6595b64144ccf1df_6.0.22621.3672_none_2713b9d173822955\COMCTL32.dll
0x00007ff93be80000 - 0x00007ff93bea6000 	C:\WINDOWS\System32\win32u.dll
0x00007ff93d660000 - 0x00007ff93d707000 	C:\WINDOWS\System32\msvcrt.dll
0x00007ff93c4a0000 - 0x00007ff93c4c9000 	C:\WINDOWS\System32\GDI32.dll
0x00007ff93b9b0000 - 0x00007ff93bac9000 	C:\WINDOWS\System32\gdi32full.dll
0x00007ff93c090000 - 0x00007ff93c12a000 	C:\WINDOWS\System32\msvcp_win.dll
0x00007ff93d120000 - 0x00007ff93d151000 	C:\WINDOWS\System32\IMM32.DLL
0x00007ff936310000 - 0x00007ff93631c000 	D:\DevEco Studio5.0.0\DevEco Studio\jbr\bin\vcruntime140_1.dll
0x00007ff92bfa0000 - 0x00007ff92c02d000 	D:\DevEco Studio5.0.0\DevEco Studio\jbr\bin\msvcp140.dll
0x00007ff8c5610000 - 0x00007ff8c6293000 	D:\DevEco Studio5.0.0\DevEco Studio\jbr\bin\server\jvm.dll
0x00007ff93de80000 - 0x00007ff93df32000 	C:\WINDOWS\System32\ADVAPI32.dll
0x00007ff93dd50000 - 0x00007ff93ddf9000 	C:\WINDOWS\System32\sechost.dll
0x00007ff93b890000 - 0x00007ff93b8b8000 	C:\WINDOWS\System32\bcrypt.dll
0x00007ff93d540000 - 0x00007ff93d654000 	C:\WINDOWS\System32\RPCRT4.dll
0x00007ff93b760000 - 0x00007ff93b7ad000 	C:\WINDOWS\SYSTEM32\POWRPROF.dll
0x00007ff938c00000 - 0x00007ff938c34000 	C:\WINDOWS\SYSTEM32\WINMM.dll
0x00007ff8f9db0000 - 0x00007ff8f9db9000 	C:\WINDOWS\SYSTEM32\WSOCK32.dll
0x00007ff93c830000 - 0x00007ff93c8a1000 	C:\WINDOWS\System32\WS2_32.dll
0x00007ff9312e0000 - 0x00007ff9312ea000 	C:\WINDOWS\SYSTEM32\VERSION.dll
0x00007ff93b690000 - 0x00007ff93b6a3000 	C:\WINDOWS\SYSTEM32\UMPDC.dll
0x00007ff93a830000 - 0x00007ff93a848000 	C:\WINDOWS\SYSTEM32\kernel.appcore.dll
0x00007ff936b20000 - 0x00007ff936b2a000 	D:\DevEco Studio5.0.0\DevEco Studio\jbr\bin\jimage.dll
0x00007ff9393b0000 - 0x00007ff9395e2000 	C:\WINDOWS\SYSTEM32\DBGHELP.DLL
0x00007ff93df40000 - 0x00007ff93e2ce000 	C:\WINDOWS\System32\combase.dll
0x00007ff93c750000 - 0x00007ff93c827000 	C:\WINDOWS\System32\OLEAUT32.dll
0x00007ff92e420000 - 0x00007ff92e452000 	C:\WINDOWS\SYSTEM32\dbgcore.DLL
0x00007ff93b930000 - 0x00007ff93b9ab000 	C:\WINDOWS\System32\bcryptPrimitives.dll
0x00007ff92b6f0000 - 0x00007ff92b715000 	D:\DevEco Studio5.0.0\DevEco Studio\jbr\bin\java.dll

dbghelp: loaded successfully - version: 4.0.5 - missing functions: none
symbol engine: initialized successfully - sym options: 0x614 - pdb path: .;D:\DevEco Studio5.0.0\DevEco Studio\jbr\bin;C:\WINDOWS\SYSTEM32;C:\WINDOWS\WinSxS\amd64_microsoft.windows.common-controls_6595b64144ccf1df_6.0.22621.3672_none_2713b9d173822955;D:\DevEco Studio5.0.0\DevEco Studio\jbr\bin\server

VM Arguments:
jvm_args: -Dfile.encoding=GBK 
java_command: D:\DevEco Studio5.0.0\DevEco Studio\sdk\HarmonyOS-NEXT-DB2\openharmony\toolchains\lib\app_packing_tool.jar --mode hap --force true --lib-path D:\AnswerSystem\AnswerSystem\entry\build\default\intermediates\stripped_native_libs\default --json-path D:\AnswerSystem\AnswerSystem\entry\build\default\intermediates\package\default\module.json --resources-path D:\AnswerSystem\AnswerSystem\entry\build\default\intermediates\res\default\resources --index-path D:\AnswerSystem\AnswerSystem\entry\build\default\intermediates\res\default\resources.index --pack-info-path D:\AnswerSystem\AnswerSystem\entry\build\default\outputs\default\pack.info --out-path D:\AnswerSystem\AnswerSystem\entry\build\default\outputs\default\entry-default-unsigned.hap --ets-path D:\AnswerSystem\AnswerSystem\entry\build\default\intermediates\loader_out\default\ets
java_class_path (initial): D:\DevEco Studio5.0.0\DevEco Studio\sdk\HarmonyOS-NEXT-DB2\openharmony\toolchains\lib\app_packing_tool.jar
Launcher Type: SUN_STANDARD

[Global flags]
     intx CICompilerCount                          = 4                                         {product} {ergonomic}
     uint ConcGCThreads                            = 3                                         {product} {ergonomic}
     uint G1ConcRefinementThreads                  = 10                                        {product} {ergonomic}
   size_t G1HeapRegionSize                         = 2097152                                   {product} {ergonomic}
    uintx GCDrainStackTargetSize                   = 64                                        {product} {ergonomic}
   size_t InitialHeapSize                          = 257949696                                 {product} {ergonomic}
   size_t MarkStackSize                            = 4194304                                   {product} {ergonomic}
   size_t MaxHeapSize                              = 4123000832                                {product} {ergonomic}
   size_t MinHeapDeltaBytes                        = 2097152                                   {product} {ergonomic}
   size_t MinHeapSize                              = 8388608                                   {product} {ergonomic}
    uintx NonNMethodCodeHeapSize                   = 5839372                                {pd product} {ergonomic}
    uintx NonProfiledCodeHeapSize                  = 122909434                              {pd product} {ergonomic}
    uintx ProfiledCodeHeapSize                     = 122909434                              {pd product} {ergonomic}
    uintx ReservedCodeCacheSize                    = 251658240                              {pd product} {ergonomic}
     bool SegmentedCodeCache                       = true                                      {product} {ergonomic}
   size_t SoftMaxHeapSize                          = 4123000832                             {manageable} {ergonomic}
     bool UseCompressedClassPointers               = true                           {product lp64_product} {ergonomic}
     bool UseCompressedOops                        = true                           {product lp64_product} {ergonomic}
     bool UseG1GC                                  = true                                      {product} {ergonomic}
     bool UseLargePagesIndividualAllocation        = false                                  {pd product} {ergonomic}

Logging:
Log output configuration:
 #0: stdout all=warning uptime,level,tags
 #1: stderr all=off uptime,level,tags

Environment Variables:
JAVA_HOME=D:\DevEco Studio5.0.0\DevEco Studio\jbr
CLASSPATH=.;
PATH=D:\DevEco Studio5.0.0\DevEco Studio\tools\node;D:\DevEco Studio5.0.0\DevEco Studio\jbr\bin;C:\Program Files (x86)\Common Files\Oracle\Java\java8path;C:\Program Files (x86)\Common Files\Oracle\Java\javapath;C:\WINDOWS\system32;C:\WINDOWS;C:\WINDOWS\System32\Wbem;C:\WINDOWS\System32\WindowsPowerShell\v1.0\;C:\WINDOWS\System32\OpenSSH\;D:\Bandizip;C:\Program Files\Git\cmd;C:\Program Files\TortoiseGit\bin;C:\Program Files\nodejs\;C:\ProgramData\chocolatey\bin;C:\Program Files\Java\jdk1.8.0_211\bin;C:\Program Files\Java\jre1.8.0_421\bin;C:\Users\Lin\AppData\Local\Microsoft\WindowsApps;C:\Users\Lin\AppData\Local\Programs\Microsoft VS Code\bin;%DevEco Studio%;C:\Users\Lin\AppData\Roaming\npm;D:\新建文件夹\command-line-tools\ohpm\bin;
USERNAME=Lin
OS=Windows_NT
PROCESSOR_IDENTIFIER=AMD64 Family 25 Model 80 Stepping 0, AuthenticAMD
TMP=C:\Users\Lin\AppData\Local\Temp
TEMP=C:\Users\Lin\AppData\Local\Temp



Periodic native trim disabled

JNI global refs:
JNI global refs: 0, weak refs: 0

JNI global refs memory usage: 0, weak refs: 0

OOME stack traces (most recent first):
Classloader memory used:


---------------  S Y S T E M  ---------------

OS:
 Windows 11 , 64 bit Build 22621 (10.0.22621.3958)
OS uptime: 17 days 16:06 hours
Hyper-V role detected

CPU: total 12 (initial active 12) (12 cores per cpu, 2 threads per core) family 25 model 80 stepping 0 microcode 0x0, cx8, cmov, fxsr, ht, mmx, 3dnowpref, sse, sse2, sse3, ssse3, sse4a, sse4.1, sse4.2, popcnt, lzcnt, tsc, tscinvbit, avx, avx2, aes, erms, clmul, bmi1, bmi2, adx, sha, fma, vzeroupper, clflush, clflushopt, hv
Processor Information for processor 0
  Max Mhz: 3301, Current Mhz: 2630, Mhz Limit: 3301
Processor Information for processor 1
  Max Mhz: 3301, Current Mhz: 3301, Mhz Limit: 3301
Processor Information for processor 2
  Max Mhz: 3301, Current Mhz: 3301, Mhz Limit: 3301
Processor Information for processor 3
  Max Mhz: 3301, Current Mhz: 3301, Mhz Limit: 3301
Processor Information for processor 4
  Max Mhz: 3301, Current Mhz: 2630, Mhz Limit: 3301
Processor Information for processor 5
  Max Mhz: 3301, Current Mhz: 3301, Mhz Limit: 3301
Processor Information for processor 6
  Max Mhz: 3301, Current Mhz: 2630, Mhz Limit: 3301
Processor Information for processor 7
  Max Mhz: 3301, Current Mhz: 3301, Mhz Limit: 3301
Processor Information for processor 8
  Max Mhz: 3301, Current Mhz: 3301, Mhz Limit: 3301
Processor Information for processor 9
  Max Mhz: 3301, Current Mhz: 2630, Mhz Limit: 3301
Processor Information for processor 10
  Max Mhz: 3301, Current Mhz: 2630, Mhz Limit: 3301
Processor Information for processor 11
  Max Mhz: 3301, Current Mhz: 3301, Mhz Limit: 3301

Memory: 4k page, system-wide physical 15724M (2345M free)
TotalPageFile size 59657M (AvailPageFile size 163M)
current process WorkingSet (physical memory assigned to process): 12M, peak: 12M
current process commit charge ("private bytes"): 64M, peak: 310M

vm_info: OpenJDK 64-Bit Server VM (17.0.10+1-b1087.17) for windows-amd64 JRE (17.0.10+1-b1087.17), built on 2024-01-19 by "builduser" with MS VC++ 16.10 / 16.11 (VS2019)

END.
